.gitignore
.replit
README.md
attached_assets/generated_images/pixel_art_cyberpunk_greek_temple.png
client/index.html
client/public/favicon.png
client/public/opengraph.jpg
client/src/App.tsx
client/src/components/game/GameCanvas.tsx
client/src/components/game/HUD.tsx
client/src/components/game/VirtualJoystick.tsx
client/src/components/ui/accordion.tsx
client/src/components/ui/alert-dialog.tsx
client/src/components/ui/alert.tsx
client/src/components/ui/aspect-ratio.tsx
client/src/components/ui/avatar.tsx
client/src/components/ui/badge.tsx
client/src/components/ui/breadcrumb.tsx
client/src/components/ui/button-group.tsx
client/src/components/ui/button.tsx
client/src/components/ui/calendar.tsx
client/src/components/ui/card.tsx
client/src/components/ui/carousel.tsx
client/src/components/ui/chart.tsx
client/src/components/ui/checkbox.tsx
client/src/components/ui/collapsible.tsx
client/src/components/ui/command.tsx
client/src/components/ui/context-menu.tsx
client/src/components/ui/dialog.tsx
client/src/components/ui/drawer.tsx
client/src/components/ui/dropdown-menu.tsx
client/src/components/ui/empty.tsx
client/src/components/ui/field.tsx
client/src/components/ui/form.tsx
client/src/components/ui/hover-card.tsx
client/src/components/ui/input-group.tsx
client/src/components/ui/input-otp.tsx
client/src/components/ui/input.tsx
client/src/components/ui/item.tsx
client/src/components/ui/kbd.tsx
client/src/components/ui/label.tsx
client/src/components/ui/menubar.tsx
client/src/components/ui/navigation-menu.tsx
client/src/components/ui/pagination.tsx
client/src/components/ui/popover.tsx
client/src/components/ui/progress.tsx
client/src/components/ui/radio-group.tsx
client/src/components/ui/resizable.tsx
client/src/components/ui/scroll-area.tsx
client/src/components/ui/select.tsx
client/src/components/ui/separator.tsx
client/src/components/ui/sheet.tsx
client/src/components/ui/sidebar.tsx
client/src/components/ui/skeleton.tsx
client/src/components/ui/slider.tsx
client/src/components/ui/sonner.tsx
client/src/components/ui/spinner.tsx
client/src/components/ui/switch.tsx
client/src/components/ui/table.tsx
client/src/components/ui/tabs.tsx
client/src/components/ui/textarea.tsx
client/src/components/ui/toast.tsx
client/src/components/ui/toaster.tsx
client/src/components/ui/toggle-group.tsx
client/src/components/ui/toggle.tsx
client/src/components/ui/tooltip.tsx
client/src/hooks/use-mobile.tsx
client/src/hooks/use-toast.ts
client/src/index.css
client/src/lib/game/constants.ts
client/src/lib/game/engine.ts
client/src/lib/game/types.ts
client/src/lib/queryClient.ts
client/src/lib/store.tsx
client/src/lib/utils.ts
client/src/main.tsx
client/src/pages/Game.tsx
client/src/pages/Home.tsx
client/src/pages/not-found.tsx
components.json
drizzle.config.ts
package-lock.json
package.json
postcss.config.js
script/build.ts
server/index.ts
server/routes.ts
server/static.ts
server/storage.ts
server/vite.ts
shared/schema.ts
tsconfig.json
vite-plugin-meta-images.ts
vite.config.ts
